<?xml version="1.0" encoding="UTF-8"?>
<testng-results ignored="0" total="1" passed="1" failed="0" skipped="0">
  <reporter-output>
  </reporter-output>
  <suite started-at="2024-05-31T13:00:10 BDT" name="Command line suite" finished-at="2024-05-31T13:00:14 BDT" duration-ms="3940">
    <groups>
    </groups>
    <test started-at="2024-05-31T13:00:10 BDT" name="Command line test" finished-at="2024-05-31T13:00:14 BDT" duration-ms="3940">
      <class name="Testcases.StandAloneTest">
        <test-method signature="bsAutomationTest()[pri:0, instance:Testcases.StandAloneTest@2898ac89]" started-at="2024-05-31T13:00:10 BDT" name="bsAutomationTest" finished-at="2024-05-31T13:00:14 BDT" duration-ms="3899" status="PASS">
          <reporter-output>
          </reporter-output>
        </test-method> <!-- bsAutomationTest -->
      </class> <!-- Testcases.StandAloneTest -->
    </test> <!-- Command line test -->
  </suite> <!-- Command line suite -->
</testng-results>
